<?xml version="1.0" encoding="UTF-8"?>
<testsuite xmlns:xsi="http://www.w3.org/2001/XMLSchema-instance" xsi:noNamespaceSchemaLocation="https://maven.apache.org/surefire/maven-surefire-plugin/xsd/surefire-test-report.xsd" version="3.0.2" name="br.com.fiap.GreetingResourceTest" time="7.322" tests="1" errors="0" skipped="0" failures="0">
  <properties>
[...]
</properties>
  <testcase name="testHelloEndpoint" classname="br.com.fiap.GreetingResourceTest" time="4.085">
    <system-out><![CDATA[2025-11-15 22:07:27,037 INFO  [org.hib.val.int.uti.Version] (main) HV000001: Hibernate Validator 9.0.1.Final
2025-11-15 22:07:29,598 INFO  [io.quarkus] (main) global-solution-quarkus 1.0.0-SNAPSHOT on JVM (powered by Quarkus 3.29.3) started in 11.913s. Listening on: http://localhost:8081
2025-11-15 22:07:29,600 INFO  [io.quarkus] (main) Profile test activated. 
2025-11-15 22:07:29,600 INFO  [io.quarkus] (main) Installed features: [agroal, cdi, compose, hibernate-validator, jdbc-oracle, narayana-jta, resteasy, resteasy-jackson, smallrye-context-propagation, vertx]
]]></system-out>
  </testcase>
</testsuite>